# JRE version: Java(TM) SE Runtime Environment (8.0_162-b12) (build 1.8.0_162-b12)
# Java VM: Java HotSpot(TM) 64-Bit Server VM (25.162-b12 mixed mode windows-amd64 compressed oops)
Heap:
 garbage-first heap   total 131072K, used 32768K [0x00000000c0000000, 0x00000000c0100400, 0x0000000100000000)
  region size 1024K, 7 young (7168K), 5 survivors (5120K)
 Metaspace       used 35093K, capacity 37312K, committed 37632K, reserved 1083392K
  class space    used 3887K, capacity 4546K, committed 4608K, reserved 1048576K
GC Heap History (10 events):
Event: 7.788 GC heap before
{Heap before GC invocations=2 (full 0):
 garbage-first heap   total 131072K, used 32921K [0x00000000c0000000, 0x00000000c0100400, 0x0000000100000000)
  region size 1024K, 25 young (25600K), 3 survivors (3072K)
 Metaspace       used 17745K, capacity 18618K, committed 18816K, reserved 1067008K
  class space    used 1754K, capacity 2060K, committed 2176K, reserved 1048576K
Event: 7.800 GC heap after
Heap after GC invocations=3 (full 0):
 garbage-first heap   total 131072K, used 16384K [0x00000000c0000000, 0x00000000c0100400, 0x0000000100000000)
  region size 1024K, 4 young (4096K), 4 survivors (4096K)
 Metaspace       used 17745K, capacity 18618K, committed 18816K, reserved 1067008K
  class space    used 1754K, capacity 2060K, committed 2176K, reserved 1048576K
}
Event: 8.100 GC heap before
{Heap before GC invocations=3 (full 0):
 garbage-first heap   total 131072K, used 35840K [0x00000000c0000000, 0x00000000c0100400, 0x0000000100000000)
  region size 1024K, 24 young (24576K), 4 survivors (4096K)
 Metaspace       used 20231K, capacity 21126K, committed 21248K, reserved 1069056K
  class space    used 2116K, capacity 2448K, committed 2560K, reserved 1048576K
Event: 8.106 GC heap after
Heap after GC invocations=4 (full 0):
 garbage-first heap   total 131072K, used 17919K [0x00000000c0000000, 0x00000000c0100400, 0x0000000100000000)
  region size 1024K, 6 young (6144K), 6 survivors (6144K)
 Metaspace       used 20231K, capacity 21126K, committed 21248K, reserved 1069056K
  class space    used 2116K, capacity 2448K, committed 2560K, reserved 1048576K
}
Event: 9.291 GC heap before
{Heap before GC invocations=5 (full 0):
 garbage-first heap   total 131072K, used 85503K [0x00000000c0000000, 0x00000000c0100400, 0x0000000100000000)
  region size 1024K, 76 young (77824K), 6 survivors (6144K)
 Metaspace       used 28631K, capacity 30128K, committed 30336K, reserved 1075200K
  class space    used 3145K, capacity 3650K, committed 3712K, reserved 1048576K
Event: 9.310 GC heap after
Heap after GC invocations=6 (full 0):
 garbage-first heap   total 131072K, used 25846K [0x00000000c0000000, 0x00000000c0100400, 0x0000000100000000)
  region size 1024K, 10 young (10240K), 10 survivors (10240K)
 Metaspace       used 28631K, capacity 30128K, committed 30336K, reserved 1075200K
  class space    used 3145K, capacity 3650K, committed 3712K, reserved 1048576K
}
Event: 10.336 GC heap before
{Heap before GC invocations=6 (full 0):
 garbage-first heap   total 131072K, used 83190K [0x00000000c0000000, 0x00000000c0100400, 0x0000000100000000)
  region size 1024K, 67 young (68608K), 10 survivors (10240K)
 Metaspace       used 33454K, capacity 35670K, committed 35840K, reserved 1081344K
  class space    used 3710K, capacity 4321K, committed 4352K, reserved 1048576K
Event: 10.362 GC heap after
Heap after GC invocations=7 (full 0):
 garbage-first heap   total 131072K, used 37376K [0x00000000c0000000, 0x00000000c0100400, 0x0000000100000000)
  region size 1024K, 10 young (10240K), 10 survivors (10240K)
 Metaspace       used 33454K, capacity 35670K, committed 35840K, reserved 1081344K
  class space    used 3710K, capacity 4321K, committed 4352K, reserved 1048576K
}
Event: 15.952 GC heap before
{Heap before GC invocations=8 (full 0):
 garbage-first heap   total 131072K, used 97792K [0x00000000c0000000, 0x00000000c0100400, 0x0000000100000000)
  region size 1024K, 76 young (77824K), 10 survivors (10240K)
 Metaspace       used 35093K, capacity 37312K, committed 37632K, reserved 1083392K
  class space    used 3887K, capacity 4546K, committed 4608K, reserved 1048576K
Event: 15.967 GC heap after
Heap after GC invocations=9 (full 0):
 garbage-first heap   total 131072K, used 31744K [0x00000000c0000000, 0x00000000c0100400, 0x0000000100000000)
  region size 1024K, 5 young (5120K), 5 survivors (5120K)
 Metaspace       used 35093K, capacity 37312K, committed 37632K, reserved 1083392K
  class space    used 3887K, capacity 4546K, committed 4608K, reserved 1048576K
}

